<?xml version="1.0" encoding="UTF-8"?>
<coverage generated="1765331583115" clover="3.2.0">
  <project timestamp="1765331583115" name="All files">
    <metrics statements="40" coveredstatements="40" conditionals="12" coveredconditionals="10" methods="16" coveredmethods="16" elements="68" coveredelements="66" complexity="0" loc="40" ncloc="40" packages="2" files="7" classes="7"/>
    <package name="src">
      <metrics statements="9" coveredstatements="9" conditionals="0" coveredconditionals="0" methods="4" coveredmethods="4"/>
      <file name="App.jsx" path="/Users/salvadorestrada/Desktop/CareerFoundry Full Stack/Web Immersion/meet/src/App.jsx">
        <metrics statements="2" coveredstatements="2" conditionals="0" coveredconditionals="0" methods="1" coveredmethods="1"/>
        <line num="8" count="1" type="stmt"/>
        <line num="9" count="2" type="stmt"/>
      </file>
      <file name="api.js" path="/Users/salvadorestrada/Desktop/CareerFoundry Full Stack/Web Immersion/meet/src/api.js">
        <metrics statements="6" coveredstatements="6" conditionals="0" coveredconditionals="0" methods="3" coveredmethods="3"/>
        <line num="12" count="2" type="stmt"/>
        <line num="13" count="66" type="stmt"/>
        <line num="14" count="2" type="stmt"/>
        <line num="15" count="2" type="stmt"/>
        <line num="23" count="2" type="stmt"/>
        <line num="24" count="3" type="stmt"/>
      </file>
      <file name="mock-data.js" path="/Users/salvadorestrada/Desktop/CareerFoundry Full Stack/Web Immersion/meet/src/mock-data.js">
        <metrics statements="1" coveredstatements="1" conditionals="0" coveredconditionals="0" methods="0" coveredmethods="0"/>
        <line num="1" count="3" type="stmt"/>
      </file>
    </package>
    <package name="src.components">
      <metrics statements="31" coveredstatements="31" conditionals="12" coveredconditionals="10" methods="12" coveredmethods="12"/>
      <file name="CitySearch.jsx" path="/Users/salvadorestrada/Desktop/CareerFoundry Full Stack/Web Immersion/meet/src/components/CitySearch.jsx">
        <metrics statements="17" coveredstatements="17" conditionals="4" coveredconditionals="3" methods="6" coveredmethods="6"/>
        <line num="3" count="2" type="stmt"/>
        <line num="4" count="25" type="stmt"/>
        <line num="5" count="25" type="stmt"/>
        <line num="6" count="25" type="stmt"/>
        <line num="8" count="25" type="stmt"/>
        <line num="9" count="12" type="stmt"/>
        <line num="11" count="12" type="cond" truecount="1" falsecount="1"/>
        <line num="13" count="24" type="stmt"/>
        <line num="17" count="12" type="stmt"/>
        <line num="18" count="12" type="stmt"/>
        <line num="21" count="25" type="stmt"/>
        <line num="22" count="1" type="stmt"/>
        <line num="23" count="1" type="stmt"/>
        <line num="24" count="1" type="stmt"/>
        <line num="27" count="25" type="stmt"/>
        <line num="34" count="3" type="stmt"/>
        <line num="40" count="12" type="stmt"/>
      </file>
      <file name="Event.jsx" path="/Users/salvadorestrada/Desktop/CareerFoundry Full Stack/Web Immersion/meet/src/components/Event.jsx">
        <metrics statements="4" coveredstatements="4" conditionals="4" coveredconditionals="4" methods="2" coveredmethods="2"/>
        <line num="4" count="3" type="stmt"/>
        <line num="5" count="39" type="stmt"/>
        <line num="7" count="39" type="stmt"/>
        <line num="21" count="3" type="stmt"/>
      </file>
      <file name="EventList.jsx" path="/Users/salvadorestrada/Desktop/CareerFoundry Full Stack/Web Immersion/meet/src/components/EventList.jsx">
        <metrics statements="3" coveredstatements="3" conditionals="2" coveredconditionals="2" methods="2" coveredmethods="2"/>
        <line num="4" count="2" type="stmt"/>
        <line num="5" count="5" type="stmt"/>
        <line num="7" count="33" type="cond" truecount="2" falsecount="0"/>
      </file>
      <file name="NumberOfEvents.jsx" path="/Users/salvadorestrada/Desktop/CareerFoundry Full Stack/Web Immersion/meet/src/components/NumberOfEvents.jsx">
        <metrics statements="7" coveredstatements="7" conditionals="2" coveredconditionals="1" methods="2" coveredmethods="2"/>
        <line num="4" count="2" type="stmt"/>
        <line num="6" count="8" type="stmt"/>
        <line num="8" count="8" type="stmt"/>
        <line num="9" count="3" type="stmt"/>
        <line num="10" count="3" type="stmt"/>
        <line num="11" count="3" type="cond" truecount="1" falsecount="1"/>
        <line num="14" count="8" type="stmt"/>
      </file>
    </package>
  </project>
</coverage>
