{"/Users/salvadorestrada/Desktop/CareerFoundry Full Stack/Web Immersion/meet/src/App.jsx": {"path":"/Users/salvadorestrada/Desktop/CareerFoundry Full Stack/Web Immersion/meet/src/App.jsx","statementMap":{"0":{"start":{"line":8,"column":12},"end":{"line":16,"column":1}},"1":{"start":{"line":9,"column":2},"end":{"line":15,"column":3}}},"fnMap":{"0":{"name":"(anonymous_0)","decl":{"start":{"line":8,"column":12},"end":{"line":8,"column":13}},"loc":{"start":{"line":8,"column":18},"end":{"line":16,"column":1}},"line":8}},"branchMap":{},"s":{"0":1,"1":2},"f":{"0":2},"b":{},"_coverageSchema":"1a1c01bbd47fc00a2c39e90264f33305004495a9","hash":"4b29907e9f63326491f0a7827d998d0857c5e127"}
,"/Users/salvadorestrada/Desktop/CareerFoundry Full Stack/Web Immersion/meet/src/api.js": {"path":"/Users/salvadorestrada/Desktop/CareerFoundry Full Stack/Web Immersion/meet/src/api.js","statementMap":{"0":{"start":{"line":12,"column":32},"end":{"line":16,"column":1}},"1":{"start":{"line":13,"column":29},"end":{"line":13,"column":66}},"2":{"start":{"line":13,"column":51},"end":{"line":13,"column":65}},"3":{"start":{"line":14,"column":20},"end":{"line":14,"column":52}},"4":{"start":{"line":15,"column":2},"end":{"line":15,"column":19}},"5":{"start":{"line":23,"column":25},"end":{"line":25,"column":1}},"6":{"start":{"line":24,"column":2},"end":{"line":24,"column":18}}},"fnMap":{"0":{"name":"(anonymous_0)","decl":{"start":{"line":12,"column":32},"end":{"line":12,"column":33}},"loc":{"start":{"line":12,"column":44},"end":{"line":16,"column":1}},"line":12},"1":{"name":"(anonymous_1)","decl":{"start":{"line":13,"column":40},"end":{"line":13,"column":41}},"loc":{"start":{"line":13,"column":51},"end":{"line":13,"column":65}},"line":13},"2":{"name":"(anonymous_2)","decl":{"start":{"line":23,"column":25},"end":{"line":23,"column":26}},"loc":{"start":{"line":23,"column":37},"end":{"line":25,"column":1}},"line":23}},"branchMap":{},"s":{"0":2,"1":2,"2":66,"3":2,"4":2,"5":2,"6":3},"f":{"0":2,"1":66,"2":3},"b":{},"_coverageSchema":"1a1c01bbd47fc00a2c39e90264f33305004495a9","hash":"b8b0be6754aa91eeeaa727863a52335388e2fb08"}
,"/Users/salvadorestrada/Desktop/CareerFoundry Full Stack/Web Immersion/meet/src/mock-data.js": {"path":"/Users/salvadorestrada/Desktop/CareerFoundry Full Stack/Web Immersion/meet/src/mock-data.js","statementMap":{"0":{"start":{"line":1,"column":17},"end":{"line":1288,"column":4}}},"fnMap":{},"branchMap":{},"s":{"0":3},"f":{},"b":{},"_coverageSchema":"1a1c01bbd47fc00a2c39e90264f33305004495a9","hash":"7a18fdfa3df6b075a9659e930c67cbccfbe80d72"}
,"/Users/salvadorestrada/Desktop/CareerFoundry Full Stack/Web Immersion/meet/src/components/CitySearch.jsx": {"path":"/Users/salvadorestrada/Desktop/CareerFoundry Full Stack/Web Immersion/meet/src/components/CitySearch.jsx","statementMap":{"0":{"start":{"line":3,"column":19},"end":{"line":53,"column":1}},"1":{"start":{"line":4,"column":48},"end":{"line":4,"column":63}},"2":{"start":{"line":5,"column":28},"end":{"line":5,"column":40}},"3":{"start":{"line":6,"column":40},"end":{"line":6,"column":52}},"4":{"start":{"line":8,"column":29},"end":{"line":19,"column":3}},"5":{"start":{"line":9,"column":18},"end":{"line":9,"column":36}},"6":{"start":{"line":11,"column":30},"end":{"line":15,"column":10}},"7":{"start":{"line":13,"column":10},"end":{"line":13,"column":62}},"8":{"start":{"line":17,"column":4},"end":{"line":17,"column":20}},"9":{"start":{"line":18,"column":4},"end":{"line":18,"column":38}},"10":{"start":{"line":21,"column":28},"end":{"line":25,"column":3}},"11":{"start":{"line":22,"column":18},"end":{"line":22,"column":42}},"12":{"start":{"line":23,"column":4},"end":{"line":23,"column":20}},"13":{"start":{"line":24,"column":4},"end":{"line":24,"column":30}},"14":{"start":{"line":27,"column":2},"end":{"line":52,"column":4}},"15":{"start":{"line":34,"column":23},"end":{"line":34,"column":47}},"16":{"start":{"line":40,"column":12},"end":{"line":44,"column":14}}},"fnMap":{"0":{"name":"(anonymous_0)","decl":{"start":{"line":3,"column":19},"end":{"line":3,"column":20}},"loc":{"start":{"line":3,"column":41},"end":{"line":53,"column":1}},"line":3},"1":{"name":"(anonymous_1)","decl":{"start":{"line":8,"column":29},"end":{"line":8,"column":30}},"loc":{"start":{"line":8,"column":40},"end":{"line":19,"column":3}},"line":8},"2":{"name":"(anonymous_2)","decl":{"start":{"line":12,"column":28},"end":{"line":12,"column":29}},"loc":{"start":{"line":13,"column":10},"end":{"line":13,"column":62}},"line":13},"3":{"name":"(anonymous_3)","decl":{"start":{"line":21,"column":28},"end":{"line":21,"column":29}},"loc":{"start":{"line":21,"column":39},"end":{"line":25,"column":3}},"line":21},"4":{"name":"(anonymous_4)","decl":{"start":{"line":34,"column":17},"end":{"line":34,"column":18}},"loc":{"start":{"line":34,"column":23},"end":{"line":34,"column":47}},"line":34},"5":{"name":"(anonymous_5)","decl":{"start":{"line":39,"column":27},"end":{"line":39,"column":28}},"loc":{"start":{"line":39,"column":43},"end":{"line":45,"column":11}},"line":39}},"branchMap":{"0":{"loc":{"start":{"line":11,"column":30},"end":{"line":15,"column":10}},"type":"cond-expr","locations":[{"start":{"line":12,"column":8},"end":{"line":14,"column":9}},{"start":{"line":15,"column":8},"end":{"line":15,"column":10}}],"line":11},"1":{"loc":{"start":{"line":37,"column":7},"end":{"line":50,"column":14}},"type":"cond-expr","locations":[{"start":{"line":38,"column":8},"end":{"line":49,"column":13}},{"start":{"line":50,"column":10},"end":{"line":50,"column":14}}],"line":37}},"s":{"0":2,"1":25,"2":25,"3":25,"4":25,"5":12,"6":12,"7":24,"8":12,"9":12,"10":25,"11":1,"12":1,"13":1,"14":25,"15":3,"16":12},"f":{"0":25,"1":12,"2":24,"3":1,"4":3,"5":12},"b":{"0":[12,0],"1":[15,10]},"_coverageSchema":"1a1c01bbd47fc00a2c39e90264f33305004495a9","hash":"33976c5dd9f443618d390d21f67ead75dbe5c1fe"}
,"/Users/salvadorestrada/Desktop/CareerFoundry Full Stack/Web Immersion/meet/src/components/Event.jsx": {"path":"/Users/salvadorestrada/Desktop/CareerFoundry Full Stack/Web Immersion/meet/src/components/Event.jsx","statementMap":{"0":{"start":{"line":4,"column":14},"end":{"line":27,"column":1}},"1":{"start":{"line":5,"column":36},"end":{"line":5,"column":50}},"2":{"start":{"line":7,"column":2},"end":{"line":26,"column":4}},"3":{"start":{"line":21,"column":23},"end":{"line":21,"column":47}}},"fnMap":{"0":{"name":"(anonymous_0)","decl":{"start":{"line":4,"column":14},"end":{"line":4,"column":15}},"loc":{"start":{"line":4,"column":29},"end":{"line":27,"column":1}},"line":4},"1":{"name":"(anonymous_1)","decl":{"start":{"line":21,"column":17},"end":{"line":21,"column":18}},"loc":{"start":{"line":21,"column":23},"end":{"line":21,"column":47}},"line":21}},"branchMap":{"0":{"loc":{"start":{"line":13,"column":7},"end":{"line":17,"column":7}},"type":"cond-expr","locations":[{"start":{"line":13,"column":19},"end":{"line":13,"column":23}},{"start":{"line":14,"column":8},"end":{"line":16,"column":14}}],"line":13},"1":{"loc":{"start":{"line":23,"column":9},"end":{"line":23,"column":52}},"type":"cond-expr","locations":[{"start":{"line":23,"column":21},"end":{"line":23,"column":35}},{"start":{"line":23,"column":38},"end":{"line":23,"column":52}}],"line":23}},"s":{"0":3,"1":39,"2":39,"3":3},"f":{"0":39,"1":3},"b":{"0":[37,2],"1":[37,2]},"_coverageSchema":"1a1c01bbd47fc00a2c39e90264f33305004495a9","hash":"60c1966907f0e2660a695350ac19853757b0087c"}
,"/Users/salvadorestrada/Desktop/CareerFoundry Full Stack/Web Immersion/meet/src/components/EventList.jsx": {"path":"/Users/salvadorestrada/Desktop/CareerFoundry Full Stack/Web Immersion/meet/src/components/EventList.jsx","statementMap":{"0":{"start":{"line":4,"column":18},"end":{"line":10,"column":1}},"1":{"start":{"line":5,"column":4},"end":{"line":9,"column":6}},"2":{"start":{"line":7,"column":41},"end":{"line":7,"column":79}}},"fnMap":{"0":{"name":"(anonymous_0)","decl":{"start":{"line":4,"column":18},"end":{"line":4,"column":19}},"loc":{"start":{"line":4,"column":34},"end":{"line":10,"column":1}},"line":4},"1":{"name":"(anonymous_1)","decl":{"start":{"line":7,"column":32},"end":{"line":7,"column":33}},"loc":{"start":{"line":7,"column":41},"end":{"line":7,"column":79}},"line":7}},"branchMap":{"0":{"loc":{"start":{"line":7,"column":13},"end":{"line":7,"column":86}},"type":"cond-expr","locations":[{"start":{"line":7,"column":21},"end":{"line":7,"column":80}},{"start":{"line":7,"column":82},"end":{"line":7,"column":86}}],"line":7}},"s":{"0":2,"1":5,"2":33},"f":{"0":5,"1":33},"b":{"0":[1,4]},"_coverageSchema":"1a1c01bbd47fc00a2c39e90264f33305004495a9","hash":"87f6d246dac5bf4b3c8ae0a386736df41950b234"}
,"/Users/salvadorestrada/Desktop/CareerFoundry Full Stack/Web Immersion/meet/src/components/NumberOfEvents.jsx": {"path":"/Users/salvadorestrada/Desktop/CareerFoundry Full Stack/Web Immersion/meet/src/components/NumberOfEvents.jsx","statementMap":{"0":{"start":{"line":4,"column":23},"end":{"line":25,"column":1}},"1":{"start":{"line":6,"column":36},"end":{"line":6,"column":48}},"2":{"start":{"line":8,"column":28},"end":{"line":12,"column":3}},"3":{"start":{"line":9,"column":18},"end":{"line":9,"column":40}},"4":{"start":{"line":10,"column":4},"end":{"line":10,"column":24}},"5":{"start":{"line":11,"column":4},"end":{"line":11,"column":46}},"6":{"start":{"line":11,"column":24},"end":{"line":11,"column":46}},"7":{"start":{"line":14,"column":2},"end":{"line":24,"column":4}}},"fnMap":{"0":{"name":"(anonymous_0)","decl":{"start":{"line":4,"column":23},"end":{"line":4,"column":24}},"loc":{"start":{"line":4,"column":47},"end":{"line":25,"column":1}},"line":4},"1":{"name":"(anonymous_1)","decl":{"start":{"line":8,"column":28},"end":{"line":8,"column":29}},"loc":{"start":{"line":8,"column":35},"end":{"line":12,"column":3}},"line":8}},"branchMap":{"0":{"loc":{"start":{"line":11,"column":4},"end":{"line":11,"column":46}},"type":"if","locations":[{"start":{"line":11,"column":4},"end":{"line":11,"column":46}},{"start":{},"end":{}}],"line":11}},"s":{"0":2,"1":8,"2":8,"3":3,"4":3,"5":3,"6":0,"7":8},"f":{"0":8,"1":3},"b":{"0":[0,3]},"_coverageSchema":"1a1c01bbd47fc00a2c39e90264f33305004495a9","hash":"e726a045cbed37942c5994c0523c2c5fae23c2af"}
}
