TN:
SF:src/App.jsx
FN:8,(anonymous_0)
FNF:1
FNH:1
FNDA:2,(anonymous_0)
DA:8,1
DA:9,2
LF:2
LH:2
BRF:0
BRH:0
end_of_record
TN:
SF:src/api.js
FN:12,(anonymous_0)
FN:13,(anonymous_1)
FN:23,(anonymous_2)
FNF:3
FNH:3
FNDA:2,(anonymous_0)
FNDA:66,(anonymous_1)
FNDA:3,(anonymous_2)
DA:12,2
DA:13,66
DA:14,2
DA:15,2
DA:23,2
DA:24,3
LF:6
LH:6
BRF:0
BRH:0
end_of_record
TN:
SF:src/mock-data.js
FNF:0
FNH:0
DA:1,3
LF:1
LH:1
BRF:0
BRH:0
end_of_record
TN:
SF:src/components/CitySearch.jsx
FN:3,(anonymous_0)
FN:8,(anonymous_1)
FN:12,(anonymous_2)
FN:21,(anonymous_3)
FN:34,(anonymous_4)
FN:39,(anonymous_5)
FNF:6
FNH:6
FNDA:25,(anonymous_0)
FNDA:12,(anonymous_1)
FNDA:24,(anonymous_2)
FNDA:1,(anonymous_3)
FNDA:3,(anonymous_4)
FNDA:12,(anonymous_5)
DA:3,2
DA:4,25
DA:5,25
DA:6,25
DA:8,25
DA:9,12
DA:11,12
DA:13,24
DA:17,12
DA:18,12
DA:21,25
DA:22,1
DA:23,1
DA:24,1
DA:27,25
DA:34,3
DA:40,12
LF:17
LH:17
BRDA:11,0,0,12
BRDA:11,0,1,0
BRDA:37,1,0,15
BRDA:37,1,1,10
BRF:4
BRH:3
end_of_record
TN:
SF:src/components/Event.jsx
FN:4,(anonymous_0)
FN:21,(anonymous_1)
FNF:2
FNH:2
FNDA:39,(anonymous_0)
FNDA:3,(anonymous_1)
DA:4,3
DA:5,39
DA:7,39
DA:21,3
LF:4
LH:4
BRDA:13,0,0,37
BRDA:13,0,1,2
BRDA:23,1,0,37
BRDA:23,1,1,2
BRF:4
BRH:4
end_of_record
TN:
SF:src/components/EventList.jsx
FN:4,(anonymous_0)
FN:7,(anonymous_1)
FNF:2
FNH:2
FNDA:5,(anonymous_0)
FNDA:33,(anonymous_1)
DA:4,2
DA:5,5
DA:7,33
LF:3
LH:3
BRDA:7,0,0,1
BRDA:7,0,1,4
BRF:2
BRH:2
end_of_record
TN:
SF:src/components/NumberOfEvents.jsx
FN:4,(anonymous_0)
FN:8,(anonymous_1)
FNF:2
FNH:2
FNDA:8,(anonymous_0)
FNDA:3,(anonymous_1)
DA:4,2
DA:6,8
DA:8,8
DA:9,3
DA:10,3
DA:11,3
DA:14,8
LF:7
LH:7
BRDA:11,0,0,0
BRDA:11,0,1,3
BRF:2
BRH:1
end_of_record
