TN:
SF:src/App.jsx
FN:9,(anonymous_0)
FN:16,(anonymous_1)
FN:20,(anonymous_2)
FN:24,(anonymous_3)
FNF:4
FNH:4
FNDA:12,(anonymous_0)
FNDA:7,(anonymous_1)
FNDA:7,(anonymous_2)
FNDA:33,(anonymous_3)
DA:9,3
DA:10,12
DA:11,11
DA:12,11
DA:13,11
DA:16,11
DA:17,7
DA:20,11
DA:21,7
DA:22,7
DA:24,33
DA:25,7
DA:26,7
DA:30,11
LF:14
LH:14
BRDA:22,0,0,6
BRDA:22,0,1,1
BRF:2
BRH:2
end_of_record
TN:
SF:src/api.js
FN:12,(anonymous_0)
FN:13,(anonymous_1)
FN:23,(anonymous_2)
FNF:3
FNH:3
FNDA:10,(anonymous_0)
FNDA:330,(anonymous_1)
FNDA:12,(anonymous_2)
DA:12,3
DA:13,330
DA:14,10
DA:15,10
DA:23,3
DA:24,12
LF:6
LH:6
BRF:0
BRH:0
end_of_record
TN:
SF:src/mock-data.js
FNF:0
FNH:0
DA:1,4
LF:1
LH:1
BRF:0
BRH:0
end_of_record
TN:
SF:src/components/CitySearch.jsx
FN:3,(anonymous_0)
FN:8,(anonymous_1)
FN:12,(anonymous_2)
FN:16,(anonymous_3)
FN:25,(anonymous_4)
FN:39,(anonymous_5)
FN:44,(anonymous_6)
FNF:7
FNH:7
FNDA:60,(anonymous_0)
FNDA:17,(anonymous_1)
FNDA:18,(anonymous_2)
FNDA:36,(anonymous_3)
FNDA:2,(anonymous_4)
FNDA:5,(anonymous_5)
FNDA:26,(anonymous_6)
DA:3,3
DA:4,60
DA:5,60
DA:6,60
DA:8,60
DA:9,17
DA:12,60
DA:13,18
DA:15,18
DA:17,36
DA:21,18
DA:22,18
DA:25,60
DA:26,2
DA:27,2
DA:28,2
DA:29,2
DA:32,60
DA:39,5
DA:45,26
LF:20
LH:20
BRDA:15,0,0,18
BRDA:15,0,1,0
BRDA:42,1,0,23
BRDA:42,1,1,37
BRF:4
BRH:3
end_of_record
TN:
SF:src/components/Event.jsx
FN:4,(anonymous_0)
FN:21,(anonymous_1)
FNF:2
FNH:2
FNDA:183,(anonymous_0)
FNDA:3,(anonymous_1)
DA:4,4
DA:5,183
DA:7,183
DA:21,3
LF:4
LH:4
BRDA:13,0,0,181
BRDA:13,0,1,2
BRDA:23,1,0,181
BRDA:23,1,1,2
BRF:4
BRH:4
end_of_record
TN:
SF:src/components/EventList.jsx
FN:4,(anonymous_0)
FN:7,(anonymous_1)
FNF:2
FNH:2
FNDA:14,(anonymous_0)
FNDA:177,(anonymous_1)
DA:4,3
DA:5,14
DA:7,177
LF:3
LH:3
BRDA:7,0,0,12
BRDA:7,0,1,2
BRF:2
BRH:2
end_of_record
TN:
SF:src/components/NumberOfEvents.jsx
FN:4,(anonymous_0)
FN:8,(anonymous_1)
FNF:2
FNH:2
FNDA:17,(anonymous_0)
FNDA:3,(anonymous_1)
DA:4,4
DA:6,17
DA:8,17
DA:9,3
DA:10,3
DA:11,3
DA:14,17
LF:7
LH:7
BRDA:11,0,0,0
BRDA:11,0,1,3
BRF:2
BRH:1
end_of_record
